<?xml version="1.0" encoding="UTF-8"?>
<!-- Generated by org.testng.reporters.JUnitXMLReporter -->
<testsuite ignored="2" hostname="DESKTOP-8DQ5F38" failures="0" tests="1" name="ChromeTest(failed)(failed)" time="22.568" errors="0" timestamp="2023-09-28T15:05:03 IST">
  <testcase classname="TestPackage.ExecutionUsingTestNG" name="VerifyChekoutButtonFunctinality" time="0.299"/>
  <testcase classname="TestPackage.ExecutionUsingTestNG" name="VerifyContinueButtonFunctionality" time="0.0">
    <ignored/>
  </testcase> <!-- VerifyContinueButtonFunctionality -->
  <testcase classname="TestPackage.ExecutionUsingTestNG" name="VerifyRemoveButtonFunctionality" time="0.0">
    <ignored/>
  </testcase> <!-- VerifyRemoveButtonFunctionality -->
</testsuite> <!-- ChromeTest(failed)(failed) -->
