<?xml version="1.0" encoding="UTF-8"?>
<!-- Generated by org.testng.reporters.JUnitXMLReporter -->
<testsuite ignored="2" hostname="DESKTOP-8DQ5F38" failures="0" tests="1" name="FirefoxTest(failed)(failed)" time="34.347" errors="0" timestamp="2023-09-28T15:05:15 IST">
  <testcase classname="TestPackage.ExecutionUsingTestNG" name="VerifyChekoutButtonFunctinality" time="0.324"/>
  <testcase classname="TestPackage.ExecutionUsingTestNG" name="VerifyContinueButtonFunctionality" time="0.0">
    <ignored/>
  </testcase> <!-- VerifyContinueButtonFunctionality -->
  <testcase classname="TestPackage.ExecutionUsingTestNG" name="VerifyRemoveButtonFunctionality" time="0.0">
    <ignored/>
  </testcase> <!-- VerifyRemoveButtonFunctionality -->
</testsuite> <!-- FirefoxTest(failed)(failed) -->
