<?xml version="1.0" encoding="UTF-8"?>
<!-- Generated by org.testng.reporters.JUnitXMLReporter -->
<testsuite ignored="0" hostname="DESKTOP-8DQ5F38" failures="0" tests="5" name="Test" time="0.648" errors="0" timestamp="2023-09-27T19:43:33 IST">
  <testcase classname="TestPackage.ExecutionUsingTestNG" name="@BeforeTest LaunchBrowser" time="-1.695824012852E9">
    <failure type="org.testng.TestNGException" message="
Parameter &amp;apos;browser&amp;apos; is required by BeforeTest on method LaunchBrowser but has not been marked @Optional or defined
in C:\Users\pc1\eclipse-workspace\SwagLabs\testng.xml">
      <![CDATA[org.testng.TestNGException: 
Parameter 'browser' is required by BeforeTest on method LaunchBrowser but has not been marked @Optional or defined
in C:\Users\pc1\eclipse-workspace\SwagLabs\testng.xml
... Removed 21 stack frames]]>
    </failure>
  </testcase> <!-- @BeforeTest LaunchBrowser -->
  <testcase classname="TestPackage.TestClass2" name="@BeforeMethod LaunchBrowser" time="-1.695824013127E9">
    <skipped/>
  </testcase> <!-- @BeforeMethod LaunchBrowser -->
  <testcase classname="TestPackage.ExecutionUsingTestNG" name="@BeforeClass creatingPOMObject" time="-1.695824013209E9">
    <skipped/>
  </testcase> <!-- @BeforeClass creatingPOMObject -->
  <testcase classname="TestPackage.ExecutionUsingTestNG" name="@BeforeMethod OpenAddToCardPage" time="-1.695824013229E9">
    <skipped/>
  </testcase> <!-- @BeforeMethod OpenAddToCardPage -->
  <testcase classname="TestPackage.ExecutionUsingTestNG" name="@AfterMethod LogOutFromPage" time="-1.69582401327E9">
    <skipped/>
  </testcase> <!-- @AfterMethod LogOutFromPage -->
  <testcase classname="TestPackage.ExecutionUsingTestNG" name="@BeforeMethod OpenAddToCardPage" time="-1.695824013292E9">
    <skipped/>
  </testcase> <!-- @BeforeMethod OpenAddToCardPage -->
  <testcase classname="TestPackage.ExecutionUsingTestNG" name="@AfterMethod LogOutFromPage" time="-1.695824013331E9">
    <skipped/>
  </testcase> <!-- @AfterMethod LogOutFromPage -->
  <testcase classname="TestPackage.ExecutionUsingTestNG" name="@BeforeMethod OpenAddToCardPage" time="-1.695824013341E9">
    <skipped/>
  </testcase> <!-- @BeforeMethod OpenAddToCardPage -->
  <testcase classname="TestPackage.ExecutionUsingTestNG" name="@AfterMethod LogOutFromPage" time="-1.695824013381E9">
    <skipped/>
  </testcase> <!-- @AfterMethod LogOutFromPage -->
  <testcase classname="TestPackage.ExecutionUsingTestNG" name="@BeforeMethod OpenAddToCardPage" time="-1.6958240134E9">
    <skipped/>
  </testcase> <!-- @BeforeMethod OpenAddToCardPage -->
  <testcase classname="TestPackage.ExecutionUsingTestNG" name="@AfterMethod LogOutFromPage" time="-1.695824013441E9">
    <skipped/>
  </testcase> <!-- @AfterMethod LogOutFromPage -->
  <testcase classname="TestPackage.ExecutionUsingTestNG" name="@AfterClass closebrowser" time="-1.69582401345E9">
    <skipped/>
  </testcase> <!-- @AfterClass closebrowser -->
  <testcase classname="TestPackage.ExecutionUsingTestNG" name="@AfterTest closeTheBrowser" time="-1.695824013461E9">
    <skipped/>
  </testcase> <!-- @AfterTest closeTheBrowser -->
  <testcase classname="TestPackage.TestClass2" name="VerifyBackToProductButton" time="0.0">
    <skipped/>
  </testcase> <!-- VerifyBackToProductButton -->
  <testcase classname="TestPackage.ExecutionUsingTestNG" name="VerifyChekoutButtonFunctinality" time="0.0">
    <skipped/>
  </testcase> <!-- VerifyChekoutButtonFunctinality -->
  <testcase classname="TestPackage.ExecutionUsingTestNG" name="VerifyRemoveButtonFunctionality" time="0.0">
    <skipped/>
  </testcase> <!-- VerifyRemoveButtonFunctionality -->
  <testcase classname="TestPackage.ExecutionUsingTestNG" name="VerifyRemoveButtonFunctionality" time="0.0">
    <skipped/>
  </testcase> <!-- VerifyRemoveButtonFunctionality -->
  <testcase classname="TestPackage.ExecutionUsingTestNG" name="VerifyContinueButtonFunctionality" time="0.0">
    <skipped/>
  </testcase> <!-- VerifyContinueButtonFunctionality -->
</testsuite> <!-- Test -->
